  BulletCalculations.cpp
c:\users\alexm\documents\game development - advanced programming 2017\physics and simulation 2\physics_assignment_04\physics_assignment_04\bullet\LinearMath/btIDebugDraw.h(169): warning C4305: 'argument': truncation from 'double' to 'const btScalar'
c:\users\alexm\documents\game development - advanced programming 2017\physics and simulation 2\physics_assignment_04\physics_assignment_04\bullet\LinearMath/btIDebugDraw.h(170): warning C4305: 'argument': truncation from 'double' to 'const btScalar'
c:\users\alexm\documents\game development - advanced programming 2017\physics and simulation 2\physics_assignment_04\physics_assignment_04\bullet\LinearMath/btIDebugDraw.h(171): warning C4305: 'argument': truncation from 'double' to 'const btScalar'
  b3DynamicBvh.cpp
  b3DynamicBvhBroadphase.cpp
  b3OverlappingPairCache.cpp
  b3ConvexUtility.cpp
C:\Users\alexm\Documents\Game Development - Advanced Programming 2017\Physics and Simulation 2\Physics_Assignment_04\Physics_Assignment_04\Bullet\Bullet3Common/b3HashMap.h(47): warning C4267: 'initializing': conversion from 'size_t' to 'int', possible loss of data
  b3CpuNarrowPhase.cpp
  b3AlignedAllocator.cpp
  b3Logging.cpp
  b3Vector3.cpp
Bullet\Bullet3Common\b3Vector3.cpp(170): warning C4267: '=': conversion from 'size_t' to 'long', possible loss of data
Bullet\Bullet3Common\b3Vector3.cpp(175): warning C4267: '-=': conversion from 'size_t' to 'unsigned long', possible loss of data
Bullet\Bullet3Common\b3Vector3.cpp(418): warning C4267: '=': conversion from 'size_t' to 'long', possible loss of data
Bullet\Bullet3Common\b3Vector3.cpp(556): warning C4267: '=': conversion from 'size_t' to 'long', possible loss of data
Bullet\Bullet3Common\b3Vector3.cpp(561): warning C4267: '-=': conversion from 'size_t' to 'unsigned long', possible loss of data
Bullet\Bullet3Common\b3Vector3.cpp(807): warning C4267: '=': conversion from 'size_t' to 'long', possible loss of data
  b3CpuRigidBodyPipeline.cpp
  b3FixedConstraint.cpp
  b3Generic6DofConstraint.cpp
  b3PgsJacobiSolver.cpp
  b3Point2PointConstraint.cpp
  b3TypedConstraint.cpp
  b3ConvexHullComputer.cpp
  b3GeometryUtil.cpp
  btAxisSweep3.cpp
  btBroadphaseProxy.cpp
  btCollisionAlgorithm.cpp
  Compiling...
  btDbvt.cpp
  btDbvtBroadphase.cpp
  btDispatcher.cpp
  btOverlappingPairCache.cpp
  btQuantizedBvh.cpp
C:\Users\alexm\Documents\Game Development - Advanced Programming 2017\Physics and Simulation 2\Physics_Assignment_04\Physics_Assignment_04\Bullet\LinearMath/btIDebugDraw.h(169): warning C4305: 'argument': truncation from 'double' to 'const btScalar'
C:\Users\alexm\Documents\Game Development - Advanced Programming 2017\Physics and Simulation 2\Physics_Assignment_04\Physics_Assignment_04\Bullet\LinearMath/btIDebugDraw.h(170): warning C4305: 'argument': truncation from 'double' to 'const btScalar'
C:\Users\alexm\Documents\Game Development - Advanced Programming 2017\Physics and Simulation 2\Physics_Assignment_04\Physics_Assignment_04\Bullet\LinearMath/btIDebugDraw.h(171): warning C4305: 'argument': truncation from 'double' to 'const btScalar'
  btSimpleBroadphase.cpp
  btActivatingCollisionAlgorithm.cpp
  btBox2dBox2dCollisionAlgorithm.cpp
  btBoxBoxCollisionAlgorithm.cpp
  btBoxBoxDetector.cpp
  btCollisionDispatcher.cpp
  btCollisionDispatcherMt.cpp
  btCollisionObject.cpp
Bullet\BulletCollision\CollisionDispatch\btCollisionObject.cpp(52): warning C4305: 'initializing': truncation from 'double' to 'btScalar'
  btCollisionWorld.cpp
C:\Users\alexm\Documents\Game Development - Advanced Programming 2017\Physics and Simulation 2\Physics_Assignment_04\Physics_Assignment_04\Bullet\LinearMath/btIDebugDraw.h(169): warning C4305: 'argument': truncation from 'double' to 'const btScalar'
C:\Users\alexm\Documents\Game Development - Advanced Programming 2017\Physics and Simulation 2\Physics_Assignment_04\Physics_Assignment_04\Bullet\LinearMath/btIDebugDraw.h(170): warning C4305: 'argument': truncation from 'double' to 'const btScalar'
C:\Users\alexm\Documents\Game Development - Advanced Programming 2017\Physics and Simulation 2\Physics_Assignment_04\Physics_Assignment_04\Bullet\LinearMath/btIDebugDraw.h(171): warning C4305: 'argument': truncation from 'double' to 'const btScalar'
Bullet\BulletCollision\CollisionDispatch\btCollisionWorld.cpp(1353): warning C4305: 'argument': truncation from 'double' to 'btScalar'
  btCollisionWorldImporter.cpp
c:\users\alexm\documents\game development - advanced programming 2017\physics and simulation 2\physics_assignment_04\physics_assignment_04\bullet\LinearMath/btIDebugDraw.h(169): warning C4305: 'argument': truncation from 'double' to 'const btScalar'
c:\users\alexm\documents\game development - advanced programming 2017\physics and simulation 2\physics_assignment_04\physics_assignment_04\bullet\LinearMath/btIDebugDraw.h(170): warning C4305: 'argument': truncation from 'double' to 'const btScalar'
c:\users\alexm\documents\game development - advanced programming 2017\physics and simulation 2\physics_assignment_04\physics_assignment_04\bullet\LinearMath/btIDebugDraw.h(171): warning C4305: 'argument': truncation from 'double' to 'const btScalar'
  btCompoundCollisionAlgorithm.cpp
C:\Users\alexm\Documents\Game Development - Advanced Programming 2017\Physics and Simulation 2\Physics_Assignment_04\Physics_Assignment_04\Bullet\LinearMath/btIDebugDraw.h(169): warning C4305: 'argument': truncation from 'double' to 'const btScalar'
C:\Users\alexm\Documents\Game Development - Advanced Programming 2017\Physics and Simulation 2\Physics_Assignment_04\Physics_Assignment_04\Bullet\LinearMath/btIDebugDraw.h(170): warning C4305: 'argument': truncation from 'double' to 'const btScalar'
C:\Users\alexm\Documents\Game Development - Advanced Programming 2017\Physics and Simulation 2\Physics_Assignment_04\Physics_Assignment_04\Bullet\LinearMath/btIDebugDraw.h(171): warning C4305: 'argument': truncation from 'double' to 'const btScalar'
  btCompoundCompoundCollisionAlgorithm.cpp
C:\Users\alexm\Documents\Game Development - Advanced Programming 2017\Physics and Simulation 2\Physics_Assignment_04\Physics_Assignment_04\Bullet\LinearMath/btIDebugDraw.h(169): warning C4305: 'argument': truncation from 'double' to 'const btScalar'
C:\Users\alexm\Documents\Game Development - Advanced Programming 2017\Physics and Simulation 2\Physics_Assignment_04\Physics_Assignment_04\Bullet\LinearMath/btIDebugDraw.h(170): warning C4305: 'argument': truncation from 'double' to 'const btScalar'
C:\Users\alexm\Documents\Game Development - Advanced Programming 2017\Physics and Simulation 2\Physics_Assignment_04\Physics_Assignment_04\Bullet\LinearMath/btIDebugDraw.h(171): warning C4305: 'argument': truncation from 'double' to 'const btScalar'
  btConvex2dConvex2dAlgorithm.cpp
C:\Users\alexm\Documents\Game Development - Advanced Programming 2017\Physics and Simulation 2\Physics_Assignment_04\Physics_Assignment_04\Bullet\LinearMath/btIDebugDraw.h(169): warning C4305: 'argument': truncation from 'double' to 'const btScalar'
C:\Users\alexm\Documents\Game Development - Advanced Programming 2017\Physics and Simulation 2\Physics_Assignment_04\Physics_Assignment_04\Bullet\LinearMath/btIDebugDraw.h(170): warning C4305: 'argument': truncation from 'double' to 'const btScalar'
C:\Users\alexm\Documents\Game Development - Advanced Programming 2017\Physics and Simulation 2\Physics_Assignment_04\Physics_Assignment_04\Bullet\LinearMath/btIDebugDraw.h(171): warning C4305: 'argument': truncation from 'double' to 'const btScalar'
  btConvexConcaveCollisionAlgorithm.cpp
C:\Users\alexm\Documents\Game Development - Advanced Programming 2017\Physics and Simulation 2\Physics_Assignment_04\Physics_Assignment_04\Bullet\LinearMath/btIDebugDraw.h(169): warning C4305: 'argument': truncation from 'double' to 'const btScalar'
C:\Users\alexm\Documents\Game Development - Advanced Programming 2017\Physics and Simulation 2\Physics_Assignment_04\Physics_Assignment_04\Bullet\LinearMath/btIDebugDraw.h(170): warning C4305: 'argument': truncation from 'double' to 'const btScalar'
C:\Users\alexm\Documents\Game Development - Advanced Programming 2017\Physics and Simulation 2\Physics_Assignment_04\Physics_Assignment_04\Bullet\LinearMath/btIDebugDraw.h(171): warning C4305: 'argument': truncation from 'double' to 'const btScalar'
  btConvexConvexAlgorithm.cpp
C:\Users\alexm\Documents\Game Development - Advanced Programming 2017\Physics and Simulation 2\Physics_Assignment_04\Physics_Assignment_04\Bullet\LinearMath/btIDebugDraw.h(169): warning C4305: 'argument': truncation from 'double' to 'const btScalar'
C:\Users\alexm\Documents\Game Development - Advanced Programming 2017\Physics and Simulation 2\Physics_Assignment_04\Physics_Assignment_04\Bullet\LinearMath/btIDebugDraw.h(170): warning C4305: 'argument': truncation from 'double' to 'const btScalar'
C:\Users\alexm\Documents\Game Development - Advanced Programming 2017\Physics and Simulation 2\Physics_Assignment_04\Physics_Assignment_04\Bullet\LinearMath/btIDebugDraw.h(171): warning C4305: 'argument': truncation from 'double' to 'const btScalar'
  Compiling...
  btConvexPlaneCollisionAlgorithm.cpp
  btDefaultCollisionConfiguration.cpp
  btEmptyCollisionAlgorithm.cpp
  btGhostObject.cpp
  btHashedSimplePairCache.cpp
  btInternalEdgeUtility.cpp
C:\Users\alexm\Documents\Game Development - Advanced Programming 2017\Physics and Simulation 2\Physics_Assignment_04\Physics_Assignment_04\Bullet\LinearMath/btIDebugDraw.h(169): warning C4305: 'argument': truncation from 'double' to 'const btScalar'
C:\Users\alexm\Documents\Game Development - Advanced Programming 2017\Physics and Simulation 2\Physics_Assignment_04\Physics_Assignment_04\Bullet\LinearMath/btIDebugDraw.h(170): warning C4305: 'argument': truncation from 'double' to 'const btScalar'
C:\Users\alexm\Documents\Game Development - Advanced Programming 2017\Physics and Simulation 2\Physics_Assignment_04\Physics_Assignment_04\Bullet\LinearMath/btIDebugDraw.h(171): warning C4305: 'argument': truncation from 'double' to 'const btScalar'
  btManifoldResult.cpp
  btSimulationIslandManager.cpp
  btSphereBoxCollisionAlgorithm.cpp
  btSphereSphereCollisionAlgorithm.cpp
  btSphereTriangleCollisionAlgorithm.cpp
  btUnionFind.cpp
  SphereTriangleDetector.cpp
  btBox2dShape.cpp
  btBoxShape.cpp
  btBvhTriangleMeshShape.cpp
  btCapsuleShape.cpp
  btCollisionShape.cpp
  btCompoundShape.cpp
  btConcaveShape.cpp
  Compiling...
  btConeShape.cpp
  btConvex2dShape.cpp
  btConvexHullShape.cpp
  btConvexInternalShape.cpp
  btConvexPointCloudShape.cpp
  btConvexPolyhedron.cpp
  btConvexShape.cpp
  btConvexTriangleMeshShape.cpp
  btCylinderShape.cpp
  btEmptyShape.cpp
  btHeightfieldTerrainShape.cpp
  btMinkowskiSumShape.cpp
  btMultimaterialTriangleMeshShape.cpp
  btMultiSphereShape.cpp
  btOptimizedBvh.cpp
C:\Users\alexm\Documents\Game Development - Advanced Programming 2017\Physics and Simulation 2\Physics_Assignment_04\Physics_Assignment_04\Bullet\LinearMath/btIDebugDraw.h(169): warning C4305: 'argument': truncation from 'double' to 'const btScalar'
C:\Users\alexm\Documents\Game Development - Advanced Programming 2017\Physics and Simulation 2\Physics_Assignment_04\Physics_Assignment_04\Bullet\LinearMath/btIDebugDraw.h(170): warning C4305: 'argument': truncation from 'double' to 'const btScalar'
C:\Users\alexm\Documents\Game Development - Advanced Programming 2017\Physics and Simulation 2\Physics_Assignment_04\Physics_Assignment_04\Bullet\LinearMath/btIDebugDraw.h(171): warning C4305: 'argument': truncation from 'double' to 'const btScalar'
  btPolyhedralConvexShape.cpp
  btScaledBvhTriangleMeshShape.cpp
  btShapeHull.cpp
  btSphereShape.cpp
  btStaticPlaneShape.cpp
  Compiling...
  btStridingMeshInterface.cpp
  btTetrahedronShape.cpp
  btTriangleBuffer.cpp
  btTriangleCallback.cpp
  btTriangleIndexVertexArray.cpp
  btTriangleIndexVertexMaterialArray.cpp
  btTriangleMesh.cpp
  btTriangleMeshShape.cpp
  btUniformScalingShape.cpp
  btContactProcessing.cpp
  btGenericPoolAllocator.cpp
  btGImpactBvh.cpp
  btGImpactCollisionAlgorithm.cpp
C:\Users\alexm\Documents\Game Development - Advanced Programming 2017\Physics and Simulation 2\Physics_Assignment_04\Physics_Assignment_04\Bullet\LinearMath/btIDebugDraw.h(169): warning C4305: 'argument': truncation from 'double' to 'const btScalar'
C:\Users\alexm\Documents\Game Development - Advanced Programming 2017\Physics and Simulation 2\Physics_Assignment_04\Physics_Assignment_04\Bullet\LinearMath/btIDebugDraw.h(170): warning C4305: 'argument': truncation from 'double' to 'const btScalar'
C:\Users\alexm\Documents\Game Development - Advanced Programming 2017\Physics and Simulation 2\Physics_Assignment_04\Physics_Assignment_04\Bullet\LinearMath/btIDebugDraw.h(171): warning C4305: 'argument': truncation from 'double' to 'const btScalar'
  btGImpactQuantizedBvh.cpp
  btGImpactShape.cpp
  btTriangleShapeEx.cpp
  gim_box_set.cpp
  gim_contact.cpp
  gim_memory.cpp
  gim_tri_collision.cpp
  Compiling...
  btContinuousConvexCollision.cpp
C:\Users\alexm\Documents\Game Development - Advanced Programming 2017\Physics and Simulation 2\Physics_Assignment_04\Physics_Assignment_04\Bullet\LinearMath/btIDebugDraw.h(169): warning C4305: 'argument': truncation from 'double' to 'const btScalar'
C:\Users\alexm\Documents\Game Development - Advanced Programming 2017\Physics and Simulation 2\Physics_Assignment_04\Physics_Assignment_04\Bullet\LinearMath/btIDebugDraw.h(170): warning C4305: 'argument': truncation from 'double' to 'const btScalar'
C:\Users\alexm\Documents\Game Development - Advanced Programming 2017\Physics and Simulation 2\Physics_Assignment_04\Physics_Assignment_04\Bullet\LinearMath/btIDebugDraw.h(171): warning C4305: 'argument': truncation from 'double' to 'const btScalar'
  btConvexCast.cpp
C:\Users\alexm\Documents\Game Development - Advanced Programming 2017\Physics and Simulation 2\Physics_Assignment_04\Physics_Assignment_04\Bullet\LinearMath/btIDebugDraw.h(169): warning C4305: 'argument': truncation from 'double' to 'const btScalar'
C:\Users\alexm\Documents\Game Development - Advanced Programming 2017\Physics and Simulation 2\Physics_Assignment_04\Physics_Assignment_04\Bullet\LinearMath/btIDebugDraw.h(170): warning C4305: 'argument': truncation from 'double' to 'const btScalar'
C:\Users\alexm\Documents\Game Development - Advanced Programming 2017\Physics and Simulation 2\Physics_Assignment_04\Physics_Assignment_04\Bullet\LinearMath/btIDebugDraw.h(171): warning C4305: 'argument': truncation from 'double' to 'const btScalar'
  btGjkConvexCast.cpp
C:\Users\alexm\Documents\Game Development - Advanced Programming 2017\Physics and Simulation 2\Physics_Assignment_04\Physics_Assignment_04\Bullet\LinearMath/btIDebugDraw.h(169): warning C4305: 'argument': truncation from 'double' to 'const btScalar'
C:\Users\alexm\Documents\Game Development - Advanced Programming 2017\Physics and Simulation 2\Physics_Assignment_04\Physics_Assignment_04\Bullet\LinearMath/btIDebugDraw.h(170): warning C4305: 'argument': truncation from 'double' to 'const btScalar'
C:\Users\alexm\Documents\Game Development - Advanced Programming 2017\Physics and Simulation 2\Physics_Assignment_04\Physics_Assignment_04\Bullet\LinearMath/btIDebugDraw.h(171): warning C4305: 'argument': truncation from 'double' to 'const btScalar'
  btGjkEpa2.cpp
  btGjkEpaPenetrationDepthSolver.cpp
  btGjkPairDetector.cpp
Bullet\BulletCollision\NarrowPhaseCollision\btGjkPairDetector.cpp(38): warning C4305: 'initializing': truncation from 'double' to 'btScalar'
  btMinkowskiPenetrationDepthSolver.cpp
C:\Users\alexm\Documents\Game Development - Advanced Programming 2017\Physics and Simulation 2\Physics_Assignment_04\Physics_Assignment_04\Bullet\LinearMath/btIDebugDraw.h(169): warning C4305: 'argument': truncation from 'double' to 'const btScalar'
C:\Users\alexm\Documents\Game Development - Advanced Programming 2017\Physics and Simulation 2\Physics_Assignment_04\Physics_Assignment_04\Bullet\LinearMath/btIDebugDraw.h(170): warning C4305: 'argument': truncation from 'double' to 'const btScalar'
C:\Users\alexm\Documents\Game Development - Advanced Programming 2017\Physics and Simulation 2\Physics_Assignment_04\Physics_Assignment_04\Bullet\LinearMath/btIDebugDraw.h(171): warning C4305: 'argument': truncation from 'double' to 'const btScalar'
  btPersistentManifold.cpp
Bullet\BulletCollision\NarrowPhaseCollision\btPersistentManifold.cpp(371): warning C4244: '=': conversion from 'const double' to 'btScalar', possible loss of data
Bullet\BulletCollision\NarrowPhaseCollision\btPersistentManifold.cpp(372): warning C4244: '=': conversion from 'const double' to 'btScalar', possible loss of data
Bullet\BulletCollision\NarrowPhaseCollision\btPersistentManifold.cpp(383): warning C4244: '=': conversion from 'const double' to 'btScalar', possible loss of data
Bullet\BulletCollision\NarrowPhaseCollision\btPersistentManifold.cpp(384): warning C4244: '=': conversion from 'const double' to 'btScalar', possible loss of data
Bullet\BulletCollision\NarrowPhaseCollision\btPersistentManifold.cpp(385): warning C4244: '=': conversion from 'const double' to 'btScalar', possible loss of data
Bullet\BulletCollision\NarrowPhaseCollision\btPersistentManifold.cpp(389): warning C4244: '=': conversion from 'const double' to 'btScalar', possible loss of data
Bullet\BulletCollision\NarrowPhaseCollision\btPersistentManifold.cpp(390): warning C4244: '=': conversion from 'const double' to 'btScalar', possible loss of data
Bullet\BulletCollision\NarrowPhaseCollision\btPersistentManifold.cpp(391): warning C4244: '=': conversion from 'const double' to 'btScalar', possible loss of data
Bullet\BulletCollision\NarrowPhaseCollision\btPersistentManifold.cpp(393): warning C4244: '=': conversion from 'const double' to 'btScalar', possible loss of data
Bullet\BulletCollision\NarrowPhaseCollision\btPersistentManifold.cpp(394): warning C4244: '=': conversion from 'const double' to 'btScalar', possible loss of data
Bullet\BulletCollision\NarrowPhaseCollision\btPersistentManifold.cpp(395): warning C4244: '=': conversion from 'const double' to 'btScalar', possible loss of data
Bullet\BulletCollision\NarrowPhaseCollision\btPersistentManifold.cpp(403): warning C4244: '=': conversion from 'const double' to 'btScalar', possible loss of data
Bullet\BulletCollision\NarrowPhaseCollision\btPersistentManifold.cpp(406): warning C4244: '=': conversion from 'const double' to 'btScalar', possible loss of data
Bullet\BulletCollision\NarrowPhaseCollision\btPersistentManifold.cpp(407): warning C4244: '=': conversion from 'const double' to 'btScalar', possible loss of data
Bullet\BulletCollision\NarrowPhaseCollision\btPersistentManifold.cpp(408): warning C4244: '=': conversion from 'const double' to 'btScalar', possible loss of data
Bullet\BulletCollision\NarrowPhaseCollision\btPersistentManifold.cpp(409): warning C4244: '=': conversion from 'const double' to 'btScalar', possible loss of data
Bullet\BulletCollision\NarrowPhaseCollision\btPersistentManifold.cpp(410): warning C4244: '=': conversion from 'const double' to 'btScalar', possible loss of data
  btPolyhedralContactClipping.cpp
  btRaycastCallback.cpp
C:\Users\alexm\Documents\Game Development - Advanced Programming 2017\Physics and Simulation 2\Physics_Assignment_04\Physics_Assignment_04\Bullet\LinearMath/btIDebugDraw.h(169): warning C4305: 'argument': truncation from 'double' to 'const btScalar'
C:\Users\alexm\Documents\Game Development - Advanced Programming 2017\Physics and Simulation 2\Physics_Assignment_04\Physics_Assignment_04\Bullet\LinearMath/btIDebugDraw.h(170): warning C4305: 'argument': truncation from 'double' to 'const btScalar'
C:\Users\alexm\Documents\Game Development - Advanced Programming 2017\Physics and Simulation 2\Physics_Assignment_04\Physics_Assignment_04\Bullet\LinearMath/btIDebugDraw.h(171): warning C4305: 'argument': truncation from 'double' to 'const btScalar'
  btSubSimplexConvexCast.cpp
C:\Users\alexm\Documents\Game Development - Advanced Programming 2017\Physics and Simulation 2\Physics_Assignment_04\Physics_Assignment_04\Bullet\LinearMath/btIDebugDraw.h(169): warning C4305: 'argument': truncation from 'double' to 'const btScalar'
C:\Users\alexm\Documents\Game Development - Advanced Programming 2017\Physics and Simulation 2\Physics_Assignment_04\Physics_Assignment_04\Bullet\LinearMath/btIDebugDraw.h(170): warning C4305: 'argument': truncation from 'double' to 'const btScalar'
C:\Users\alexm\Documents\Game Development - Advanced Programming 2017\Physics and Simulation 2\Physics_Assignment_04\Physics_Assignment_04\Bullet\LinearMath/btIDebugDraw.h(171): warning C4305: 'argument': truncation from 'double' to 'const btScalar'
  btVoronoiSimplexSolver.cpp
  btKinematicCharacterController.cpp
C:\Users\alexm\Documents\Game Development - Advanced Programming 2017\Physics and Simulation 2\Physics_Assignment_04\Physics_Assignment_04\Bullet\LinearMath/btIDebugDraw.h(169): warning C4305: 'argument': truncation from 'double' to 'const btScalar'
C:\Users\alexm\Documents\Game Development - Advanced Programming 2017\Physics and Simulation 2\Physics_Assignment_04\Physics_Assignment_04\Bullet\LinearMath/btIDebugDraw.h(170): warning C4305: 'argument': truncation from 'double' to 'const btScalar'
C:\Users\alexm\Documents\Game Development - Advanced Programming 2017\Physics and Simulation 2\Physics_Assignment_04\Physics_Assignment_04\Bullet\LinearMath/btIDebugDraw.h(171): warning C4305: 'argument': truncation from 'double' to 'const btScalar'
Bullet\BulletDynamics\Character\btKinematicCharacterController.cpp(140): warning C4305: '=': truncation from 'double' to 'btScalar'
Bullet\BulletDynamics\Character\btKinematicCharacterController.cpp(150): warning C4305: '=': truncation from 'double' to 'btScalar'
Bullet\BulletDynamics\Character\btKinematicCharacterController.cpp(158): warning C4305: '=': truncation from 'double' to 'btScalar'
  btConeTwistConstraint.cpp
Bullet\BulletDynamics\ConstraintSolver\btConeTwistConstraint.cpp(868): warning C4244: '=': conversion from 'double' to 'btScalar', possible loss of data
Bullet\BulletDynamics\ConstraintSolver\btConeTwistConstraint.cpp(913): warning C4244: '=': conversion from 'double' to 'btScalar', possible loss of data
Bullet\BulletDynamics\ConstraintSolver\btConeTwistConstraint.cpp(973): warning C4244: '=': conversion from 'double' to 'btScalar', possible loss of data
Bullet\BulletDynamics\ConstraintSolver\btConeTwistConstraint.cpp(975): warning C4244: '=': conversion from 'double' to 'btScalar', possible loss of data
  btContactConstraint.cpp
  btFixedConstraint.cpp
  btGearConstraint.cpp
  btGeneric6DofConstraint.cpp
  btGeneric6DofSpring2Constraint.cpp
Bullet\BulletDynamics\ConstraintSolver\btGeneric6DofSpring2Constraint.cpp(801): warning C4244: 'initializing': conversion from 'double' to 'btScalar', possible loss of data
Bullet\BulletDynamics\ConstraintSolver\btGeneric6DofSpring2Constraint.cpp(1033): warning C4244: 'initializing': conversion from 'double' to 'btScalar', possible loss of data
  btGeneric6DofSpringConstraint.cpp
  Compiling...
  btHinge2Constraint.cpp
  btHingeConstraint.cpp
Bullet\BulletDynamics\ConstraintSolver\btHingeConstraint.cpp(320): warning C4305: 'initializing': truncation from 'double' to 'btScalar'
  btNNCGConstraintSolver.cpp
  btPoint2PointConstraint.cpp
  btSequentialImpulseConstraintSolver.cpp
C:\Users\alexm\Documents\Game Development - Advanced Programming 2017\Physics and Simulation 2\Physics_Assignment_04\Physics_Assignment_04\Bullet\LinearMath/btIDebugDraw.h(169): warning C4305: 'argument': truncation from 'double' to 'const btScalar'
C:\Users\alexm\Documents\Game Development - Advanced Programming 2017\Physics and Simulation 2\Physics_Assignment_04\Physics_Assignment_04\Bullet\LinearMath/btIDebugDraw.h(170): warning C4305: 'argument': truncation from 'double' to 'const btScalar'
C:\Users\alexm\Documents\Game Development - Advanced Programming 2017\Physics and Simulation 2\Physics_Assignment_04\Physics_Assignment_04\Bullet\LinearMath/btIDebugDraw.h(171): warning C4305: 'argument': truncation from 'double' to 'const btScalar'
  btSliderConstraint.cpp
  btSolve2LinearConstraint.cpp
  btTypedConstraint.cpp
  btUniversalConstraint.cpp
  btDiscreteDynamicsWorld.cpp
C:\Users\alexm\Documents\Game Development - Advanced Programming 2017\Physics and Simulation 2\Physics_Assignment_04\Physics_Assignment_04\Bullet\LinearMath/btIDebugDraw.h(169): warning C4305: 'argument': truncation from 'double' to 'const btScalar'
C:\Users\alexm\Documents\Game Development - Advanced Programming 2017\Physics and Simulation 2\Physics_Assignment_04\Physics_Assignment_04\Bullet\LinearMath/btIDebugDraw.h(170): warning C4305: 'argument': truncation from 'double' to 'const btScalar'
C:\Users\alexm\Documents\Game Development - Advanced Programming 2017\Physics and Simulation 2\Physics_Assignment_04\Physics_Assignment_04\Bullet\LinearMath/btIDebugDraw.h(171): warning C4305: 'argument': truncation from 'double' to 'const btScalar'
  btDiscreteDynamicsWorldMt.cpp
C:\Users\alexm\Documents\Game Development - Advanced Programming 2017\Physics and Simulation 2\Physics_Assignment_04\Physics_Assignment_04\Bullet\LinearMath/btIDebugDraw.h(169): warning C4305: 'argument': truncation from 'double' to 'const btScalar'
C:\Users\alexm\Documents\Game Development - Advanced Programming 2017\Physics and Simulation 2\Physics_Assignment_04\Physics_Assignment_04\Bullet\LinearMath/btIDebugDraw.h(170): warning C4305: 'argument': truncation from 'double' to 'const btScalar'
C:\Users\alexm\Documents\Game Development - Advanced Programming 2017\Physics and Simulation 2\Physics_Assignment_04\Physics_Assignment_04\Bullet\LinearMath/btIDebugDraw.h(171): warning C4305: 'argument': truncation from 'double' to 'const btScalar'
  btRigidBody.cpp
  btSimpleDynamicsWorld.cpp
  btSimulationIslandManagerMt.cpp
  btMultiBody.cpp
  btMultiBodyConstraint.cpp
  btMultiBodyConstraintSolver.cpp
  btMultiBodyDynamicsWorld.cpp
C:\Users\alexm\Documents\Game Development - Advanced Programming 2017\Physics and Simulation 2\Physics_Assignment_04\Physics_Assignment_04\Bullet\LinearMath/btIDebugDraw.h(169): warning C4305: 'argument': truncation from 'double' to 'const btScalar'
C:\Users\alexm\Documents\Game Development - Advanced Programming 2017\Physics and Simulation 2\Physics_Assignment_04\Physics_Assignment_04\Bullet\LinearMath/btIDebugDraw.h(170): warning C4305: 'argument': truncation from 'double' to 'const btScalar'
C:\Users\alexm\Documents\Game Development - Advanced Programming 2017\Physics and Simulation 2\Physics_Assignment_04\Physics_Assignment_04\Bullet\LinearMath/btIDebugDraw.h(171): warning C4305: 'argument': truncation from 'double' to 'const btScalar'
Bullet\BulletDynamics\Featherstone\btMultiBodyDynamicsWorld.cpp(830): warning C4305: 'argument': truncation from 'double' to 'btScalar'
Bullet\BulletDynamics\Featherstone\btMultiBodyDynamicsWorld.cpp(838): warning C4305: 'argument': truncation from 'double' to 'btScalar'
  btMultiBodyFixedConstraint.cpp
C:\Users\alexm\Documents\Game Development - Advanced Programming 2017\Physics and Simulation 2\Physics_Assignment_04\Physics_Assignment_04\Bullet\LinearMath/btIDebugDraw.h(169): warning C4305: 'argument': truncation from 'double' to 'const btScalar'
C:\Users\alexm\Documents\Game Development - Advanced Programming 2017\Physics and Simulation 2\Physics_Assignment_04\Physics_Assignment_04\Bullet\LinearMath/btIDebugDraw.h(170): warning C4305: 'argument': truncation from 'double' to 'const btScalar'
C:\Users\alexm\Documents\Game Development - Advanced Programming 2017\Physics and Simulation 2\Physics_Assignment_04\Physics_Assignment_04\Bullet\LinearMath/btIDebugDraw.h(171): warning C4305: 'argument': truncation from 'double' to 'const btScalar'
Bullet\BulletDynamics\Featherstone\btMultiBodyFixedConstraint.cpp(190): warning C4305: 'argument': truncation from 'double' to 'btScalar'
Bullet\BulletDynamics\Featherstone\btMultiBodyFixedConstraint.cpp(196): warning C4305: 'argument': truncation from 'double' to 'btScalar'
Bullet\BulletDynamics\Featherstone\btMultiBodyFixedConstraint.cpp(203): warning C4305: 'argument': truncation from 'double' to 'btScalar'
Bullet\BulletDynamics\Featherstone\btMultiBodyFixedConstraint.cpp(209): warning C4305: 'argument': truncation from 'double' to 'btScalar'
  btMultiBodyGearConstraint.cpp
  Compiling...
  btMultiBodyJointLimitConstraint.cpp
Bullet\BulletDynamics\Featherstone\btMultiBodyJointLimitConstraint.cpp(120): warning C4244: 'initializing': conversion from 'int' to 'btScalar', possible loss of data
  btMultiBodyJointMotor.cpp
  btMultiBodyPoint2Point.cpp
C:\Users\alexm\Documents\Game Development - Advanced Programming 2017\Physics and Simulation 2\Physics_Assignment_04\Physics_Assignment_04\Bullet\LinearMath/btIDebugDraw.h(169): warning C4305: 'argument': truncation from 'double' to 'const btScalar'
C:\Users\alexm\Documents\Game Development - Advanced Programming 2017\Physics and Simulation 2\Physics_Assignment_04\Physics_Assignment_04\Bullet\LinearMath/btIDebugDraw.h(170): warning C4305: 'argument': truncation from 'double' to 'const btScalar'
C:\Users\alexm\Documents\Game Development - Advanced Programming 2017\Physics and Simulation 2\Physics_Assignment_04\Physics_Assignment_04\Bullet\LinearMath/btIDebugDraw.h(171): warning C4305: 'argument': truncation from 'double' to 'const btScalar'
Bullet\BulletDynamics\Featherstone\btMultiBodyPoint2Point.cpp(200): warning C4305: 'argument': truncation from 'double' to 'btScalar'
Bullet\BulletDynamics\Featherstone\btMultiBodyPoint2Point.cpp(206): warning C4305: 'argument': truncation from 'double' to 'btScalar'
Bullet\BulletDynamics\Featherstone\btMultiBodyPoint2Point.cpp(213): warning C4305: 'argument': truncation from 'double' to 'btScalar'
Bullet\BulletDynamics\Featherstone\btMultiBodyPoint2Point.cpp(219): warning C4305: 'argument': truncation from 'double' to 'btScalar'
  btMultiBodySliderConstraint.cpp
C:\Users\alexm\Documents\Game Development - Advanced Programming 2017\Physics and Simulation 2\Physics_Assignment_04\Physics_Assignment_04\Bullet\LinearMath/btIDebugDraw.h(169): warning C4305: 'argument': truncation from 'double' to 'const btScalar'
C:\Users\alexm\Documents\Game Development - Advanced Programming 2017\Physics and Simulation 2\Physics_Assignment_04\Physics_Assignment_04\Bullet\LinearMath/btIDebugDraw.h(170): warning C4305: 'argument': truncation from 'double' to 'const btScalar'
C:\Users\alexm\Documents\Game Development - Advanced Programming 2017\Physics and Simulation 2\Physics_Assignment_04\Physics_Assignment_04\Bullet\LinearMath/btIDebugDraw.h(171): warning C4305: 'argument': truncation from 'double' to 'const btScalar'
Bullet\BulletDynamics\Featherstone\btMultiBodySliderConstraint.cpp(209): warning C4305: 'argument': truncation from 'double' to 'btScalar'
Bullet\BulletDynamics\Featherstone\btMultiBodySliderConstraint.cpp(215): warning C4305: 'argument': truncation from 'double' to 'btScalar'
Bullet\BulletDynamics\Featherstone\btMultiBodySliderConstraint.cpp(222): warning C4305: 'argument': truncation from 'double' to 'btScalar'
Bullet\BulletDynamics\Featherstone\btMultiBodySliderConstraint.cpp(228): warning C4305: 'argument': truncation from 'double' to 'btScalar'
  btDantzigLCP.cpp
  btLemkeAlgorithm.cpp
C:\Users\alexm\Documents\Game Development - Advanced Programming 2017\Physics and Simulation 2\Physics_Assignment_04\Physics_Assignment_04\Bullet\LinearMath/btMatrixX.h(109): warning C4244: '=': conversion from 'double' to 'float', possible loss of data
  C:\Users\alexm\Documents\Game Development - Advanced Programming 2017\Physics and Simulation 2\Physics_Assignment_04\Physics_Assignment_04\Bullet\LinearMath/btMatrixX.h(71): note: while compiling class template member function 'float btVectorX<float>::nrm2(void) const'
  Bullet\BulletDynamics\MLCPSolvers\btLemkeAlgorithm.cpp(251): note: see reference to function template instantiation 'float btVectorX<float>::nrm2(void) const' being compiled
  c:\users\alexm\documents\game development - advanced programming 2017\physics and simulation 2\physics_assignment_04\physics_assignment_04\bullet\bulletdynamics\mlcpsolvers\btLemkeAlgorithm.h(86): note: see reference to class template instantiation 'btVectorX<float>' being compiled
  btMLCPSolver.cpp
  btRaycastVehicle.cpp
C:\Users\alexm\Documents\Game Development - Advanced Programming 2017\Physics and Simulation 2\Physics_Assignment_04\Physics_Assignment_04\Bullet\LinearMath/btIDebugDraw.h(169): warning C4305: 'argument': truncation from 'double' to 'const btScalar'
C:\Users\alexm\Documents\Game Development - Advanced Programming 2017\Physics and Simulation 2\Physics_Assignment_04\Physics_Assignment_04\Bullet\LinearMath/btIDebugDraw.h(170): warning C4305: 'argument': truncation from 'double' to 'const btScalar'
C:\Users\alexm\Documents\Game Development - Advanced Programming 2017\Physics and Simulation 2\Physics_Assignment_04\Physics_Assignment_04\Bullet\LinearMath/btIDebugDraw.h(171): warning C4305: 'argument': truncation from 'double' to 'const btScalar'
  btWheelInfo.cpp
  btAlignedAllocator.cpp
  btConvexHull.cpp
  btConvexHullComputer.cpp
  btGeometryUtil.cpp
  btPolarDecomposition.cpp
  btQuickprof.cpp
  btSerializer.cpp
  btSerializer64.cpp
  btThreads.cpp
  btVector3.cpp
Bullet\LinearMath\btVector3.cpp(179): warning C4267: '=': conversion from 'size_t' to 'long', possible loss of data
Bullet\LinearMath\btVector3.cpp(184): warning C4267: '-=': conversion from 'size_t' to 'unsigned long', possible loss of data
Bullet\LinearMath\btVector3.cpp(427): warning C4267: '=': conversion from 'size_t' to 'long', possible loss of data
Bullet\LinearMath\btVector3.cpp(564): warning C4267: '=': conversion from 'size_t' to 'long', possible loss of data
Bullet\LinearMath\btVector3.cpp(569): warning C4267: '-=': conversion from 'size_t' to 'unsigned long', possible loss of data
Bullet\LinearMath\btVector3.cpp(815): warning C4267: '=': conversion from 'size_t' to 'long', possible loss of data
  cAnimationState.cpp
  Compiling...
  cCamera.cpp
  cConeShape.cpp
c:\users\alexm\documents\game development - advanced programming 2017\physics and simulation 2\physics_assignment_04\physics_assignment_04\bullet\LinearMath/btIDebugDraw.h(169): warning C4305: 'argument': truncation from 'double' to 'const btScalar'
c:\users\alexm\documents\game development - advanced programming 2017\physics and simulation 2\physics_assignment_04\physics_assignment_04\bullet\LinearMath/btIDebugDraw.h(170): warning C4305: 'argument': truncation from 'double' to 'const btScalar'
c:\users\alexm\documents\game development - advanced programming 2017\physics and simulation 2\physics_assignment_04\physics_assignment_04\bullet\LinearMath/btIDebugDraw.h(171): warning C4305: 'argument': truncation from 'double' to 'const btScalar'
  cCubeShape.cpp
c:\users\alexm\documents\game development - advanced programming 2017\physics and simulation 2\physics_assignment_04\physics_assignment_04\bullet\LinearMath/btIDebugDraw.h(169): warning C4305: 'argument': truncation from 'double' to 'const btScalar'
c:\users\alexm\documents\game development - advanced programming 2017\physics and simulation 2\physics_assignment_04\physics_assignment_04\bullet\LinearMath/btIDebugDraw.h(170): warning C4305: 'argument': truncation from 'double' to 'const btScalar'
c:\users\alexm\documents\game development - advanced programming 2017\physics and simulation 2\physics_assignment_04\physics_assignment_04\bullet\LinearMath/btIDebugDraw.h(171): warning C4305: 'argument': truncation from 'double' to 'const btScalar'
  cFrameBuffer.cpp
  cGameObject.cpp
c:\users\alexm\documents\game development - advanced programming 2017\physics and simulation 2\physics_assignment_04\physics_assignment_04\bullet\LinearMath/btIDebugDraw.h(169): warning C4305: 'argument': truncation from 'double' to 'const btScalar'
c:\users\alexm\documents\game development - advanced programming 2017\physics and simulation 2\physics_assignment_04\physics_assignment_04\bullet\LinearMath/btIDebugDraw.h(170): warning C4305: 'argument': truncation from 'double' to 'const btScalar'
c:\users\alexm\documents\game development - advanced programming 2017\physics and simulation 2\physics_assignment_04\physics_assignment_04\bullet\LinearMath/btIDebugDraw.h(171): warning C4305: 'argument': truncation from 'double' to 'const btScalar'
  cMesh.cpp
cMesh.cpp(37): warning C4244: 'argument': conversion from 'int' to 'float', possible loss of data
cMesh.cpp(44): warning C4267: 'argument': conversion from 'size_t' to 'GLsizei', possible loss of data
  cModel.cpp
cModel.cpp(36): warning C4018: '<': signed/unsigned mismatch
cModel.cpp(42): warning C4018: '<': signed/unsigned mismatch
cModel.cpp(54): warning C4018: '<': signed/unsigned mismatch
cModel.cpp(79): warning C4018: '<': signed/unsigned mismatch
cModel.cpp(82): warning C4018: '<': signed/unsigned mismatch
cModel.cpp(103): warning C4018: '<': signed/unsigned mismatch
  cPhysicsWorld.cpp
c:\users\alexm\documents\game development - advanced programming 2017\physics and simulation 2\physics_assignment_04\physics_assignment_04\bullet\LinearMath/btIDebugDraw.h(169): warning C4305: 'argument': truncation from 'double' to 'const btScalar'
c:\users\alexm\documents\game development - advanced programming 2017\physics and simulation 2\physics_assignment_04\physics_assignment_04\bullet\LinearMath/btIDebugDraw.h(170): warning C4305: 'argument': truncation from 'double' to 'const btScalar'
c:\users\alexm\documents\game development - advanced programming 2017\physics and simulation 2\physics_assignment_04\physics_assignment_04\bullet\LinearMath/btIDebugDraw.h(171): warning C4305: 'argument': truncation from 'double' to 'const btScalar'
  cPlaneObject.cpp
  cPlaneShape.cpp
c:\users\alexm\documents\game development - advanced programming 2017\physics and simulation 2\physics_assignment_04\physics_assignment_04\bullet\LinearMath/btIDebugDraw.h(169): warning C4305: 'argument': truncation from 'double' to 'const btScalar'
c:\users\alexm\documents\game development - advanced programming 2017\physics and simulation 2\physics_assignment_04\physics_assignment_04\bullet\LinearMath/btIDebugDraw.h(170): warning C4305: 'argument': truncation from 'double' to 'const btScalar'
c:\users\alexm\documents\game development - advanced programming 2017\physics and simulation 2\physics_assignment_04\physics_assignment_04\bullet\LinearMath/btIDebugDraw.h(171): warning C4305: 'argument': truncation from 'double' to 'const btScalar'
  cRigidBody.cpp
c:\users\alexm\documents\game development - advanced programming 2017\physics and simulation 2\physics_assignment_04\physics_assignment_04\bullet\LinearMath/btIDebugDraw.h(169): warning C4305: 'argument': truncation from 'double' to 'const btScalar'
c:\users\alexm\documents\game development - advanced programming 2017\physics and simulation 2\physics_assignment_04\physics_assignment_04\bullet\LinearMath/btIDebugDraw.h(170): warning C4305: 'argument': truncation from 'double' to 'const btScalar'
c:\users\alexm\documents\game development - advanced programming 2017\physics and simulation 2\physics_assignment_04\physics_assignment_04\bullet\LinearMath/btIDebugDraw.h(171): warning C4305: 'argument': truncation from 'double' to 'const btScalar'
cRigidBody.cpp(65): warning C4305: 'argument': truncation from 'double' to 'btScalar'
cRigidBody.cpp(69): warning C4305: 'argument': truncation from 'double' to 'btScalar'
  cScreenQuad.cpp
  cShader.cpp
cShader.cpp(40): warning C4267: '=': conversion from 'size_t' to 'unsigned int', possible loss of data
cShader.cpp(55): warning C4267: 'initializing': conversion from 'size_t' to 'unsigned int', possible loss of data
  cShaderProgram.cpp
  cSkinnedGameObject.cpp
cSkinnedGameObject.cpp(149): warning C4244: '=': conversion from 'double' to 'float', possible loss of data
  cSkinnedMesh.cpp
  cSkybox.cpp
  cSphereShape.cpp
c:\users\alexm\documents\game development - advanced programming 2017\physics and simulation 2\physics_assignment_04\physics_assignment_04\bullet\LinearMath/btIDebugDraw.h(169): warning C4305: 'argument': truncation from 'double' to 'const btScalar'
c:\users\alexm\documents\game development - advanced programming 2017\physics and simulation 2\physics_assignment_04\physics_assignment_04\bullet\LinearMath/btIDebugDraw.h(170): warning C4305: 'argument': truncation from 'double' to 'const btScalar'
c:\users\alexm\documents\game development - advanced programming 2017\physics and simulation 2\physics_assignment_04\physics_assignment_04\bullet\LinearMath/btIDebugDraw.h(171): warning C4305: 'argument': truncation from 'double' to 'const btScalar'
  cTexture.cpp
  main.cpp
c:\users\alexm\documents\game development - advanced programming 2017\physics and simulation 2\physics_assignment_04\physics_assignment_04\bullet\LinearMath/btIDebugDraw.h(169): warning C4305: 'argument': truncation from 'double' to 'const btScalar'
c:\users\alexm\documents\game development - advanced programming 2017\physics and simulation 2\physics_assignment_04\physics_assignment_04\bullet\LinearMath/btIDebugDraw.h(170): warning C4305: 'argument': truncation from 'double' to 'const btScalar'
c:\users\alexm\documents\game development - advanced programming 2017\physics and simulation 2\physics_assignment_04\physics_assignment_04\bullet\LinearMath/btIDebugDraw.h(171): warning C4305: 'argument': truncation from 'double' to 'const btScalar'
main.cpp(90): warning C4244: 'argument': conversion from 'time_t' to 'unsigned int', possible loss of data
main.cpp(295): warning C4244: 'initializing': conversion from 'double' to 'float', possible loss of data
main.cpp(465): warning C4244: '=': conversion from 'double' to 'float', possible loss of data
main.cpp(466): warning C4244: '=': conversion from 'double' to 'float', possible loss of data
main.cpp(470): warning C4244: 'initializing': conversion from 'double' to 'float', possible loss of data
main.cpp(471): warning C4244: 'initializing': conversion from 'double' to 'float', possible loss of data
main.cpp(472): warning C4244: '=': conversion from 'double' to 'float', possible loss of data
main.cpp(473): warning C4244: '=': conversion from 'double' to 'float', possible loss of data
main.cpp(480): warning C4244: 'argument': conversion from 'double' to 'float', possible loss of data
  glad.c
LINK : warning LNK4098: defaultlib 'LIBCMT' conflicts with use of other libs; use /NODEFAULTLIB:library
LINK : warning LNK4098: defaultlib 'MSVCRTD' conflicts with use of other libs; use /NODEFAULTLIB:library
cPhysicsWorld.obj : error LNK2001: unresolved external symbol FMOD_System_Create
cPhysicsWorld.obj : error LNK2001: unresolved external symbol "public: enum FMOD_RESULT __cdecl FMOD::System::playSound(class FMOD::Sound *,class FMOD::ChannelGroup *,bool,class FMOD::Channel * *)" (?playSound@System@FMOD@@QEAA?AW4FMOD_RESULT@@PEAVSound@2@PEAVChannelGroup@2@_NPEAPEAVChannel@2@@Z)
cPhysicsWorld.obj : error LNK2001: unresolved external symbol "public: enum FMOD_RESULT __cdecl FMOD::System::createSound(char const *,unsigned int,struct FMOD_CREATESOUNDEXINFO *,class FMOD::Sound * *)" (?createSound@System@FMOD@@QEAA?AW4FMOD_RESULT@@PEBDIPEAUFMOD_CREATESOUNDEXINFO@@PEAPEAVSound@2@@Z)
cPhysicsWorld.obj : error LNK2001: unresolved external symbol "public: enum FMOD_RESULT __cdecl FMOD::System::update(void)" (?update@System@FMOD@@QEAA?AW4FMOD_RESULT@@XZ)
cPhysicsWorld.obj : error LNK2001: unresolved external symbol "public: enum FMOD_RESULT __cdecl FMOD::System::init(int,unsigned int,void *)" (?init@System@FMOD@@QEAA?AW4FMOD_RESULT@@HIPEAX@Z)
C:\Users\alexm\Documents\Game Development - Advanced Programming 2017\Physics and Simulation 2\Physics_Assignment_04\x64\Release\Physics_Assignment_04.exe : fatal error LNK1120: 5 unresolved externals
